-------------------------------------------------------------------------------
Test set: com.calculator.AppTest
-------------------------------------------------------------------------------
Tests run: 8, Failures: 1, Errors: 0, Skipped: 0, Time elapsed: 0.06 s <<< FAILURE! - in com.calculator.AppTest
testDivisionByZero(com.calculator.AppTest)  Time elapsed: 0.006 s  <<< FAILURE!
java.lang.AssertionError: Expected IllegalArgumentException was not thrown
	at com.calculator.AppTest.testDivisionByZero(AppTest.java:46)

