<?xml version="1.0" encoding="UTF-8"?>
<testsuite xmlns:xsi="http://www.w3.org/2001/XMLSchema-instance" xsi:noNamespaceSchemaLocation="https://maven.apache.org/surefire/maven-surefire-plugin/xsd/surefire-test-report.xsd" name="com.calculator.AppTest" time="0.049" tests="7" errors="0" skipped="0" failures="1">
  <properties>
[...]
</properties>
  <testcase name="testInvalidOperator" classname="com.calculator.AppTest" time="0.006"/>
  <testcase name="testMultiplication" classname="com.calculator.AppTest" time="0"/>
  <testcase name="testAddition" classname="com.calculator.AppTest" time="0"/>
  <testcase name="testDivisionByZero" classname="com.calculator.AppTest" time="0.006">
    <failure message="Expected IllegalArgumentException was not thrown" type="java.lang.AssertionError">java.lang.AssertionError: Expected IllegalArgumentException was not thrown
	at com.calculator.AppTest.testDivisionByZero(AppTest.java:46)
</failure>
    <system-out><![CDATA[Error: Tidak dapat melakukan pembagian dengan nol.
]]></system-out>
  </testcase>
  <testcase name="testDivision" classname="com.calculator.AppTest" time="0"/>
  <testcase name="testInvalidOperand" classname="com.calculator.AppTest" time="0"/>
  <testcase name="testSubtraction" classname="com.calculator.AppTest" time="0"/>
</testsuite>